<?xml version="1.0" encoding="UTF-8"?>
<Site BuildName="Linux-aarch64-linux-gnu-g++"
	BuildStamp="20240312-0321-Experimental"
	Name="hans-linux"
	Generator="ctest-3.25.1"
	CompilerName="/usr/bin/aarch64-linux-gnu-g++"
	CompilerVersion=""
	OSName="Linux"
	Hostname="hans-linux"
	OSRelease="6.1.0-18-arm64"
	OSVersion="#1 SMP Debian 6.1.76-1 (2024-02-01)"
	OSPlatform="aarch64"
	Is64Bits="1"
	VendorString=""
	VendorID="Unknown Manufacturer"
	FamilyID="8"
	ModelID="0"
	ProcessorCacheSize="0"
	NumberOfLogicalCPU="8"
	NumberOfPhysicalCPU="1"
	TotalVirtualMemory="975"
	TotalPhysicalMemory="3921"
	LogicalProcessorsPerPhysical="8"
	ProcessorClockFrequency="0"
	>
	<Testing>
		<StartDateTime>Mar 11 22:21 CDT</StartDateTime>
		<StartTestTime>1710213692</StartTestTime>
		<TestList/>
		<EndDateTime>Mar 11 22:21 CDT</EndDateTime>
		<EndTestTime>1710213692</EndTestTime>
		<ElapsedMinutes>0</ElapsedMinutes>
	</Testing>
</Site>
